<?xml version="1.0" encoding="UTF-8"?>
<!-- Generated by org.testng.reporters.JUnitXMLReporter -->
<testsuite ignored="0" hostname="LAPTOP-G8GD3N8V" failures="1" tests="1" name="Test" time="20.874" errors="0" timestamp="2022-09-28T15:52:15 IST">
  <testcase classname="com.mystore.testcases.LoginPageTestCases" name="verifyLogin" time="11.04">
    <failure type="java.lang.AssertionError" message="expected [true] but found [false]">
      <![CDATA[java.lang.AssertionError: expected [true] but found [false]
at com.mystore.testcases.LoginPageTestCases.verifyLogin(LoginPageTestCases.java:31)
at java.base/java.util.ArrayList.forEach(ArrayList.java:1541)
... Removed 31 stack frames]]>
    </failure>
  </testcase> <!-- verifyLogin -->
</testsuite> <!-- Test -->
